<?xml version="1.0" encoding="UTF-8"?>
<!-- Generated by org.testng.reporters.JUnitReportReporter -->
<testsuite hostname="Atul" name="test.urlTesting" tests="1" failures="0" timestamp="23 Feb 2018 17:41:39 GMT" time="163.443" errors="0">
  <testcase name="Geneo" time="163.443" classname="test.urlTesting"/>
</testsuite> <!-- test.urlTesting -->
