<?xml version="1.0" encoding="UTF-8"?>
<!-- Generated by org.testng.reporters.JUnitReportReporter -->
<testsuite hostname="Selenium" name="student.loginTest" tests="2" failures="0" timestamp="19 Nov 2017 20:19:41 GMT" time="36562.234" errors="0">
  <testcase name="first" time="21844.277" classname="student.loginTest"/>
  <testcase name="second" time="14717.958" classname="student.loginTest"/>
</testsuite> <!-- student.loginTest -->
