<?xml version="1.0" encoding="UTF-8"?>
<!-- Generated by org.testng.reporters.JUnitReportReporter -->
<testsuite hostname="Selenium" name="student.TestParallelOne" tests="2" failures="0" timestamp="18 Nov 2017 05:14:10 GMT" time="0.030" errors="0">
  <testcase name="testCaseTwo" time="0.015" classname="student.TestParallelOne"/>
  <testcase name="testCaseOne" time="0.015" classname="student.TestParallelOne"/>
</testsuite> <!-- student.TestParallelOne -->
